INFO 2025-07-29 15:03:11,760 autoreload Watching for file changes with StatReloader
INFO 2025-07-29 15:05:34,418 autoreload Watching for file changes with StatReloader
INFO 2025-07-29 15:05:38,414 basehttp "GET / HTTP/1.1" 301 0
INFO 2025-07-29 15:05:38,421 basehttp code 400, message Bad HTTP/0.9 request type ('\x16\x03\x01\x06')
ERROR 2025-07-29 15:05:38,422 basehttp You're accessing the development server over HTTPS, but it only supports HTTP.
INFO 2025-07-29 15:05:38,424 basehttp code 400, message Bad request version ('\x04>\x06g\x90\x89b_\x06o\x9bB\\:)*\x8f\x9e<h:gu')
ERROR 2025-07-29 15:05:38,425 basehttp You're accessing the development server over HTTPS, but it only supports HTTP.
INFO 2025-07-29 15:05:41,025 basehttp code 400, message Bad request version ("\x1bE\x9b\x95\x1adJIc\x8b{\x9e5\x13p\x00(\x13\x02\x13\x01,+0/$#('")
ERROR 2025-07-29 15:05:41,026 basehttp You're accessing the development server over HTTPS, but it only supports HTTP.
INFO 2025-07-29 15:05:41,028 basehttp code 400, message Bad request version ("\x97oE']u\x90\x05\x05`\x06ϽyD\x19\x00\x00$,+0/$#('")
ERROR 2025-07-29 15:05:41,028 basehttp You're accessing the development server over HTTPS, but it only supports HTTP.
INFO 2025-07-29 15:15:10,561 basehttp code 400, message Bad request version ('ZZ\x13\x01\x13\x02\x13\x03+/,0̨̩\x13\x14\x00\x9c\x00\x9d\x00/\x005\x01\x00\x06SZZ\x00\x00\x00\x12\x00\x00\x00')
ERROR 2025-07-29 15:15:10,561 basehttp You're accessing the development server over HTTPS, but it only supports HTTP.
INFO 2025-07-29 15:15:10,563 basehttp code 400, message Bad request version ('')
ERROR 2025-07-29 15:15:10,563 basehttp You're accessing the development server over HTTPS, but it only supports HTTP.
INFO 2025-07-29 15:16:28,791 basehttp code 400, message Bad request version ('')
ERROR 2025-07-29 15:16:28,791 basehttp You're accessing the development server over HTTPS, but it only supports HTTP.
INFO 2025-07-29 15:16:28,794 basehttp code 400, message Bad request version ('\x00\x12\x00\x10\x04\x03\x08\x04\x04\x01\x05\x03\x08\x05\x05\x01\x08\x06\x06\x01\x003\x04\x04::\x00\x01\x00\x11\x04E')
ERROR 2025-07-29 15:16:28,794 basehttp You're accessing the development server over HTTPS, but it only supports HTTP.
INFO 2025-07-29 15:16:35,855 basehttp "GET / HTTP/1.1" 301 0
INFO 2025-07-29 15:16:35,861 basehttp code 400, message Bad HTTP/0.9 request type ('\x16\x03\x01\x07\x00\x01\x00\x06\x03\x03jw\x14\x9fe\x9eS&g\x86u\x82:\x8cgcu\x8f\x94B')
ERROR 2025-07-29 15:16:35,861 basehttp You're accessing the development server over HTTPS, but it only supports HTTP.
INFO 2025-07-29 15:16:35,863 basehttp code 400, message Bad request version ('JJ\x13\x01\x13\x02\x13\x03+/,0̨̩\x13\x14\x00\x9c\x00\x9d\x00/\x005\x01\x00\x063\x00\x00\x00')
ERROR 2025-07-29 15:16:35,863 basehttp You're accessing the development server over HTTPS, but it only supports HTTP.
INFO 2025-07-29 15:19:04,598 autoreload Watching for file changes with StatReloader
INFO 2025-07-29 15:19:07,153 basehttp code 400, message Bad request syntax ('\x16\x03\x01\x07\x00\x01\x00\x06\x03\x03dD\x97\x01p')
ERROR 2025-07-29 15:19:07,153 basehttp You're accessing the development server over HTTPS, but it only supports HTTP.
INFO 2025-07-29 15:19:07,155 basehttp code 400, message Bad request version ('x\x9e\x87VdF\'a\x8923f:ڼNJ\x08b\x83JX\x08\x96Tv׳P\x95X\x11\x19\x8cjvv\x90;\x92\\~#z\x04+x\x952\x07\x173-Xd6=\x84{"}b\x87$e;BG\x14\x17\x0f{rWw')
ERROR 2025-07-29 15:19:07,156 basehttp You're accessing the development server over HTTPS, but it only supports HTTP.
INFO 2025-07-29 15:24:57,921 autoreload C:\Users\Jaime Martins\PycharmProjects\new-portifolio\core\settings.py changed, reloading.
